# JRE version: Java(TM) SE Runtime Environment (7.0_80-b15) (build 1.7.0_80-b15)
# Java VM: Java HotSpot(TM) 64-Bit Server VM (24.80-b11 mixed mode windows-amd64 compressed oops)
Heap
 PSYoungGen      total 655360K, used 635551K [0x00000007d5e80000, 0x00000007fff00000, 0x0000000800000000)
  eden space 625664K, 99% used [0x00000007d5e80000,0x00000007fc1481a8,0x00000007fc180000)
  from space 29696K, 34% used [0x00000007fc180000,0x00000007fcb5fcc0,0x00000007fde80000)
  to   space 27648K, 0% used [0x00000007fe400000,0x00000007fe400000,0x00000007fff00000)
 ParOldGen       total 197120K, used 153157K [0x0000000781c00000, 0x000000078dc80000, 0x00000007d5e80000)
  object space 197120K, 77% used [0x0000000781c00000,0x000000078b1915d0,0x000000078dc80000)
 PSPermGen       total 37888K, used 18143K [0x000000077ca00000, 0x000000077ef00000, 0x0000000781c00000)
  object space 37888K, 47% used [0x000000077ca00000,0x000000077dbb7eb8,0x000000077ef00000)
GC Heap History (10 events):
Event: 62.141 GC heap before
{Heap before GC invocations=75 (full 4):
 PSYoungGen      total 641536K, used 614342K [0x00000007d5e80000, 0x00000007ff900000, 0x0000000800000000)
  eden space 607744K, 100% used [0x00000007d5e80000,0x00000007fb000000,0x00000007fb000000)
  from space 33792K, 19% used [0x00000007fd800000,0x00000007fde71908,0x00000007ff900000)
  to   space 37376K, 0% used [0x00000007fb000000,0x00000007fb000000,0x00000007fd480000)
 ParOldGen       total 197120K, used 153157K [0x0000000781c00000, 0x000000078dc80000, 0x00000007d5e80000)
  object space 197120K, 77% used [0x0000000781c00000,0x000000078b1915d0,0x000000078dc80000)
 PSPermGen       total 37888K, used 18143K [0x000000077ca00000, 0x000000077ef00000, 0x0000000781c00000)
  object space 37888K, 47% used [0x000000077ca00000,0x000000077dbb7de0,0x000000077ef00000)
Event: 62.146 GC heap after
Heap after GC invocations=75 (full 4):
 PSYoungGen      total 645120K, used 8701K [0x00000007d5e80000, 0x00000007ffe80000, 0x0000000800000000)
  eden space 607744K, 0% used [0x00000007d5e80000,0x00000007d5e80000,0x00000007fb000000)
  from space 37376K, 23% used [0x00000007fb000000,0x00000007fb87f638,0x00000007fd480000)
  to   space 34816K, 0% used [0x00000007fdc80000,0x00000007fdc80000,0x00000007ffe80000)
 ParOldGen       total 197120K, used 153157K [0x0000000781c00000, 0x000000078dc80000, 0x00000007d5e80000)
  object space 197120K, 77% used [0x0000000781c00000,0x000000078b1915d0,0x000000078dc80000)
 PSPermGen       total 37888K, used 18143K [0x000000077ca00000, 0x000000077ef00000, 0x0000000781c00000)
  object space 37888K, 47% used [0x000000077ca00000,0x000000077dbb7de0,0x000000077ef00000)
}
Event: 62.295 GC heap before
{Heap before GC invocations=76 (full 4):
 PSYoungGen      total 645120K, used 616445K [0x00000007d5e80000, 0x00000007ffe80000, 0x0000000800000000)
  eden space 607744K, 100% used [0x00000007d5e80000,0x00000007fb000000,0x00000007fb000000)
  from space 37376K, 23% used [0x00000007fb000000,0x00000007fb87f638,0x00000007fd480000)
  to   space 34816K, 0% used [0x00000007fdc80000,0x00000007fdc80000,0x00000007ffe80000)
 ParOldGen       total 197120K, used 153157K [0x0000000781c00000, 0x000000078dc80000, 0x00000007d5e80000)
  object space 197120K, 77% used [0x0000000781c00000,0x000000078b1915d0,0x000000078dc80000)
 PSPermGen       total 37888K, used 18143K [0x000000077ca00000, 0x000000077ef00000, 0x0000000781c00000)
  object space 37888K, 47% used [0x000000077ca00000,0x000000077dbb7de0,0x000000077ef00000)
Event: 62.302 GC heap after
Heap after GC invocations=76 (full 4):
 PSYoungGen      total 647168K, used 10766K [0x00000007d5e80000, 0x00000007ff980000, 0x0000000800000000)
  eden space 617472K, 0% used [0x00000007d5e80000,0x00000007d5e80000,0x00000007fb980000)
  from space 29696K, 36% used [0x00000007fdc80000,0x00000007fe703a30,0x00000007ff980000)
  to   space 32768K, 0% used [0x00000007fb980000,0x00000007fb980000,0x00000007fd980000)
 ParOldGen       total 197120K, used 153157K [0x0000000781c00000, 0x000000078dc80000, 0x00000007d5e80000)
  object space 197120K, 77% used [0x0000000781c00000,0x000000078b1915d0,0x000000078dc80000)
 PSPermGen       total 37888K, used 18143K [0x000000077ca00000, 0x000000077ef00000, 0x0000000781c00000)
  object space 37888K, 47% used [0x000000077ca00000,0x000000077dbb7de0,0x000000077ef00000)
}
Event: 62.461 GC heap before
{Heap before GC invocations=77 (full 4):
 PSYoungGen      total 647168K, used 628140K [0x00000007d5e80000, 0x00000007ff980000, 0x0000000800000000)
  eden space 617472K, 99% used [0x00000007d5e80000,0x00000007fb9676d0,0x00000007fb980000)
  from space 29696K, 36% used [0x00000007fdc80000,0x00000007fe703a30,0x00000007ff980000)
  to   space 32768K, 0% used [0x00000007fb980000,0x00000007fb980000,0x00000007fd980000)
 ParOldGen       total 197120K, used 153157K [0x0000000781c00000, 0x000000078dc80000, 0x00000007d5e80000)
  object space 197120K, 77% used [0x0000000781c00000,0x000000078b1915d0,0x000000078dc80000)
 PSPermGen       total 37888K, used 18143K [0x000000077ca00000, 0x000000077ef00000, 0x0000000781c00000)
  object space 37888K, 47% used [0x000000077ca00000,0x000000077dbb7de0,0x000000077ef00000)
Event: 62.468 GC heap after
Heap after GC invocations=77 (full 4):
 PSYoungGen      total 650240K, used 10745K [0x00000007d5e80000, 0x0000000800000000, 0x0000000800000000)
  eden space 617472K, 0% used [0x00000007d5e80000,0x00000007d5e80000,0x00000007fb980000)
  from space 32768K, 32% used [0x00000007fb980000,0x00000007fc3fe768,0x00000007fd980000)
  to   space 31232K, 0% used [0x00000007fe180000,0x00000007fe180000,0x0000000800000000)
 ParOldGen       total 197120K, used 153157K [0x0000000781c00000, 0x000000078dc80000, 0x00000007d5e80000)
  object space 197120K, 77% used [0x0000000781c00000,0x000000078b1915d0,0x000000078dc80000)
 PSPermGen       total 37888K, used 18143K [0x000000077ca00000, 0x000000077ef00000, 0x0000000781c00000)
  object space 37888K, 47% used [0x000000077ca00000,0x000000077dbb7de0,0x000000077ef00000)
}
Event: 62.635 GC heap before
{Heap before GC invocations=78 (full 4):
 PSYoungGen      total 650240K, used 628217K [0x00000007d5e80000, 0x0000000800000000, 0x0000000800000000)
  eden space 617472K, 100% used [0x00000007d5e80000,0x00000007fb980000,0x00000007fb980000)
  from space 32768K, 32% used [0x00000007fb980000,0x00000007fc3fe768,0x00000007fd980000)
  to   space 31232K, 0% used [0x00000007fe180000,0x00000007fe180000,0x0000000800000000)
 ParOldGen       total 197120K, used 153157K [0x0000000781c00000, 0x000000078dc80000, 0x00000007d5e80000)
  object space 197120K, 77% used [0x0000000781c00000,0x000000078b1915d0,0x000000078dc80000)
 PSPermGen       total 37888K, used 18143K [0x000000077ca00000, 0x000000077ef00000, 0x0000000781c00000)
  object space 37888K, 47% used [0x000000077ca00000,0x000000077dbb7eb8,0x000000077ef00000)
Event: 62.643 GC heap after
Heap after GC invocations=78 (full 4):
 PSYoungGen      total 652288K, used 10961K [0x00000007d5e80000, 0x00000007ffb80000, 0x0000000800000000)
  eden space 625664K, 0% used [0x00000007d5e80000,0x00000007d5e80000,0x00000007fc180000)
  from space 26624K, 41% used [0x00000007fe180000,0x00000007fec34770,0x00000007ffb80000)
  to   space 29696K, 0% used [0x00000007fc180000,0x00000007fc180000,0x00000007fde80000)
 ParOldGen       total 197120K, used 153157K [0x0000000781c00000, 0x000000078dc80000, 0x00000007d5e80000)
  object space 197120K, 77% used [0x0000000781c00000,0x000000078b1915d0,0x000000078dc80000)
 PSPermGen       total 37888K, used 18143K [0x000000077ca00000, 0x000000077ef00000, 0x0000000781c00000)
  object space 37888K, 47% used [0x000000077ca00000,0x000000077dbb7eb8,0x000000077ef00000)
}
Event: 62.809 GC heap before
{Heap before GC invocations=79 (full 4):
 PSYoungGen      total 652288K, used 636428K [0x00000007d5e80000, 0x00000007ffb80000, 0x0000000800000000)
  eden space 625664K, 99% used [0x00000007d5e80000,0x00000007fc14e9f8,0x00000007fc180000)
  from space 26624K, 41% used [0x00000007fe180000,0x00000007fec34770,0x00000007ffb80000)
  to   space 29696K, 0% used [0x00000007fc180000,0x00000007fc180000,0x00000007fde80000)
 ParOldGen       total 197120K, used 153157K [0x0000000781c00000, 0x000000078dc80000, 0x00000007d5e80000)
  object space 197120K, 77% used [0x0000000781c00000,0x000000078b1915d0,0x000000078dc80000)
 PSPermGen       total 37888K, used 18143K [0x000000077ca00000, 0x000000077ef00000, 0x0000000781c00000)
  object space 37888K, 47% used [0x000000077ca00000,0x000000077dbb7eb8,0x000000077ef00000)
Event: 62.815 GC heap after
Heap after GC invocations=79 (full 4):
 PSYoungGen      total 655360K, used 10111K [0x00000007d5e80000, 0x00000007fff00000, 0x0000000800000000)
  eden space 625664K, 0% used [0x00000007d5e80000,0x00000007d5e80000,0x00000007fc180000)
  from space 29696K, 34% used [0x00000007fc180000,0x00000007fcb5fcc0,0x00000007fde80000)
  to   space 27648K, 0% used [0x00000007fe400000,0x00000007fe400000,0x00000007fff00000)
 ParOldGen       total 197120K, used 153157K [0x0000000781c00000, 0x000000078dc80000, 0x00000007d5e80000)
  object space 197120K, 77% used [0x0000000781c00000,0x000000078b1915d0,0x000000078dc80000)
 PSPermGen       total 37888K, used 18143K [0x000000077ca00000, 0x000000077ef00000, 0x0000000781c00000)
  object space 37888K, 47% used [0x000000077ca00000,0x000000077dbb7eb8,0x000000077ef00000)
}

