# JRE version: Java(TM) SE Runtime Environment (7.0_80-b15) (build 1.7.0_80-b15)
# Java VM: Java HotSpot(TM) 64-Bit Server VM (24.80-b11 mixed mode windows-amd64 compressed oops)
Heap
 PSYoungGen      total 646656K, used 620340K [0x00000007d5e80000, 0x00000007ffa80000, 0x0000000800000000)
  eden space 617472K, 99% used [0x00000007d5e80000,0x00000007fb4cfd78,0x00000007fb980000)
  from space 29184K, 26% used [0x00000007fde00000,0x00000007fe57d3f0,0x00000007ffa80000)
  to   space 33280K, 0% used [0x00000007fb980000,0x00000007fb980000,0x00000007fda00000)
 ParOldGen       total 163840K, used 81388K [0x0000000781c00000, 0x000000078bc00000, 0x00000007d5e80000)
  object space 163840K, 49% used [0x0000000781c00000,0x0000000786b7b3f0,0x000000078bc00000)
 PSPermGen       total 47104K, used 20837K [0x000000077ca00000, 0x000000077f800000, 0x0000000781c00000)
  object space 47104K, 44% used [0x000000077ca00000,0x000000077de597f0,0x000000077f800000)
GC Heap History (10 events):
Event: 21.936 GC heap before
{Heap before GC invocations=30 (full 1):
 PSYoungGen      total 673280K, used 659437K [0x00000007d5e80000, 0x0000000800000000, 0x0000000800000000)
  eden space 657408K, 100% used [0x00000007d5e80000,0x00000007fe080000,0x00000007fe080000)
  from space 15872K, 12% used [0x00000007fef80000,0x00000007ff17b6d8,0x00000007fff00000)
  to   space 15360K, 0% used [0x00000007fe080000,0x00000007fe080000,0x00000007fef80000)
 ParOldGen       total 76288K, used 31456K [0x0000000781c00000, 0x0000000786680000, 0x00000007d5e80000)
  object space 76288K, 41% used [0x0000000781c00000,0x0000000783ab8080,0x0000000786680000)
 PSPermGen       total 41472K, used 20836K [0x000000077ca00000, 0x000000077f280000, 0x0000000781c00000)
  object space 41472K, 50% used [0x000000077ca00000,0x000000077de59398,0x000000077f280000)
Event: 21.947 GC heap after
Heap after GC invocations=30 (full 1):
 PSYoungGen      total 672768K, used 15356K [0x00000007d5e80000, 0x0000000800000000, 0x0000000800000000)
  eden space 657408K, 0% used [0x00000007d5e80000,0x00000007d5e80000,0x00000007fe080000)
  from space 15360K, 99% used [0x00000007fe080000,0x00000007fef7f088,0x00000007fef80000)
  to   space 16896K, 0% used [0x00000007fef80000,0x00000007fef80000,0x0000000800000000)
 ParOldGen       total 76288K, used 31808K [0x0000000781c00000, 0x0000000786680000, 0x00000007d5e80000)
  object space 76288K, 41% used [0x0000000781c00000,0x0000000783b100a0,0x0000000786680000)
 PSPermGen       total 41472K, used 20836K [0x000000077ca00000, 0x000000077f280000, 0x0000000781c00000)
  object space 41472K, 50% used [0x000000077ca00000,0x000000077de59398,0x000000077f280000)
}
Event: 22.464 GC heap before
{Heap before GC invocations=31 (full 1):
 PSYoungGen      total 672768K, used 672764K [0x00000007d5e80000, 0x0000000800000000, 0x0000000800000000)
  eden space 657408K, 100% used [0x00000007d5e80000,0x00000007fe080000,0x00000007fe080000)
  from space 15360K, 99% used [0x00000007fe080000,0x00000007fef7f088,0x00000007fef80000)
  to   space 16896K, 0% used [0x00000007fef80000,0x00000007fef80000,0x0000000800000000)
 ParOldGen       total 76288K, used 31808K [0x0000000781c00000, 0x0000000786680000, 0x00000007d5e80000)
  object space 76288K, 41% used [0x0000000781c00000,0x0000000783b100a0,0x0000000786680000)
 PSPermGen       total 41472K, used 20842K [0x000000077ca00000, 0x000000077f280000, 0x0000000781c00000)
  object space 41472K, 50% used [0x000000077ca00000,0x000000077de5ab00,0x000000077f280000)
Event: 22.512 GC heap after
Heap after GC invocations=31 (full 1):
 PSYoungGen      total 631808K, used 16884K [0x00000007d5e80000, 0x0000000800000000, 0x0000000800000000)
  eden space 614912K, 0% used [0x00000007d5e80000,0x00000007d5e80000,0x00000007fb700000)
  from space 16896K, 99% used [0x00000007fef80000,0x00000007ffffd298,0x0000000800000000)
  to   space 37376K, 0% used [0x00000007fb700000,0x00000007fb700000,0x00000007fdb80000)
 ParOldGen       total 76288K, used 75976K [0x0000000781c00000, 0x0000000786680000, 0x00000007d5e80000)
  object space 76288K, 99% used [0x0000000781c00000,0x00000007866321c8,0x0000000786680000)
 PSPermGen       total 41472K, used 20842K [0x000000077ca00000, 0x000000077f280000, 0x0000000781c00000)
  object space 41472K, 50% used [0x000000077ca00000,0x000000077de5ab00,0x000000077f280000)
}
Event: 22.512 GC heap before
{Heap before GC invocations=32 (full 2):
 PSYoungGen      total 631808K, used 16884K [0x00000007d5e80000, 0x0000000800000000, 0x0000000800000000)
  eden space 614912K, 0% used [0x00000007d5e80000,0x00000007d5e80000,0x00000007fb700000)
  from space 16896K, 99% used [0x00000007fef80000,0x00000007ffffd298,0x0000000800000000)
  to   space 37376K, 0% used [0x00000007fb700000,0x00000007fb700000,0x00000007fdb80000)
 ParOldGen       total 76288K, used 75976K [0x0000000781c00000, 0x0000000786680000, 0x00000007d5e80000)
  object space 76288K, 99% used [0x0000000781c00000,0x00000007866321c8,0x0000000786680000)
 PSPermGen       total 41472K, used 20842K [0x000000077ca00000, 0x000000077f280000, 0x0000000781c00000)
  object space 41472K, 50% used [0x000000077ca00000,0x000000077de5ab00,0x000000077f280000)
Event: 22.776 GC heap after
Heap after GC invocations=32 (full 2):
 PSYoungGen      total 631808K, used 0K [0x00000007d5e80000, 0x0000000800000000, 0x0000000800000000)
  eden space 614912K, 0% used [0x00000007d5e80000,0x00000007d5e80000,0x00000007fb700000)
  from space 16896K, 0% used [0x00000007fef80000,0x00000007fef80000,0x0000000800000000)
  to   space 37376K, 0% used [0x00000007fb700000,0x00000007fb700000,0x00000007fdb80000)
 ParOldGen       total 163840K, used 70582K [0x0000000781c00000, 0x000000078bc00000, 0x00000007d5e80000)
  object space 163840K, 43% used [0x0000000781c00000,0x00000007860eda10,0x000000078bc00000)
 PSPermGen       total 47104K, used 20837K [0x000000077ca00000, 0x000000077f800000, 0x0000000781c00000)
  object space 47104K, 44% used [0x000000077ca00000,0x000000077de59460,0x000000077f800000)
}
Event: 23.016 GC heap before
{Heap before GC invocations=33 (full 2):
 PSYoungGen      total 631808K, used 614912K [0x00000007d5e80000, 0x0000000800000000, 0x0000000800000000)
  eden space 614912K, 100% used [0x00000007d5e80000,0x00000007fb700000,0x00000007fb700000)
  from space 16896K, 0% used [0x00000007fef80000,0x00000007fef80000,0x0000000800000000)
  to   space 37376K, 0% used [0x00000007fb700000,0x00000007fb700000,0x00000007fdb80000)
 ParOldGen       total 163840K, used 70582K [0x0000000781c00000, 0x000000078bc00000, 0x00000007d5e80000)
  object space 163840K, 43% used [0x0000000781c00000,0x00000007860eda10,0x000000078bc00000)
 PSPermGen       total 47104K, used 20837K [0x000000077ca00000, 0x000000077f800000, 0x0000000781c00000)
  object space 47104K, 44% used [0x000000077ca00000,0x000000077de59480,0x000000077f800000)
Event: 23.032 GC heap after
Heap after GC invocations=33 (full 2):
 PSYoungGen      total 652288K, used 11298K [0x00000007d5e80000, 0x0000000800000000, 0x0000000800000000)
  eden space 614912K, 0% used [0x00000007d5e80000,0x00000007d5e80000,0x00000007fb700000)
  from space 37376K, 30% used [0x00000007fb700000,0x00000007fc2089b8,0x00000007fdb80000)
  to   space 34816K, 0% used [0x00000007fde00000,0x00000007fde00000,0x0000000800000000)
 ParOldGen       total 163840K, used 70582K [0x0000000781c00000, 0x000000078bc00000, 0x00000007d5e80000)
  object space 163840K, 43% used [0x0000000781c00000,0x00000007860eda10,0x000000078bc00000)
 PSPermGen       total 47104K, used 20837K [0x000000077ca00000, 0x000000077f800000, 0x0000000781c00000)
  object space 47104K, 44% used [0x000000077ca00000,0x000000077de59480,0x000000077f800000)
}
Event: 23.394 GC heap before
{Heap before GC invocations=34 (full 2):
 PSYoungGen      total 652288K, used 626210K [0x00000007d5e80000, 0x0000000800000000, 0x0000000800000000)
  eden space 614912K, 100% used [0x00000007d5e80000,0x00000007fb700000,0x00000007fb700000)
  from space 37376K, 30% used [0x00000007fb700000,0x00000007fc2089b8,0x00000007fdb80000)
  to   space 34816K, 0% used [0x00000007fde00000,0x00000007fde00000,0x0000000800000000)
 ParOldGen       total 163840K, used 70582K [0x0000000781c00000, 0x000000078bc00000, 0x00000007d5e80000)
  object space 163840K, 43% used [0x0000000781c00000,0x00000007860eda10,0x000000078bc00000)
 PSPermGen       total 47104K, used 20837K [0x000000077ca00000, 0x000000077f800000, 0x0000000781c00000)
  object space 47104K, 44% used [0x000000077ca00000,0x000000077de59748,0x000000077f800000)
Event: 23.417 GC heap after
Heap after GC invocations=34 (full 2):
 PSYoungGen      total 646656K, used 7668K [0x00000007d5e80000, 0x00000007ffa80000, 0x0000000800000000)
  eden space 617472K, 0% used [0x00000007d5e80000,0x00000007d5e80000,0x00000007fb980000)
  from space 29184K, 26% used [0x00000007fde00000,0x00000007fe57d3f0,0x00000007ffa80000)
  to   space 33280K, 0% used [0x00000007fb980000,0x00000007fb980000,0x00000007fda00000)
 ParOldGen       total 163840K, used 81388K [0x0000000781c00000, 0x000000078bc00000, 0x00000007d5e80000)
  object space 163840K, 49% used [0x0000000781c00000,0x0000000786b7b3f0,0x000000078bc00000)
 PSPermGen       total 47104K, used 20837K [0x000000077ca00000, 0x000000077f800000, 0x0000000781c00000)
  object space 47104K, 44% used [0x000000077ca00000,0x000000077de59748,0x000000077f800000)
}

