# JRE version: Java(TM) SE Runtime Environment (7.0_80-b15) (build 1.7.0_80-b15)
# Java VM: Java HotSpot(TM) 64-Bit Server VM (24.80-b11 mixed mode windows-amd64 compressed oops)
Heap
 PSYoungGen      total 670208K, used 629110K [0x00000007d5e80000, 0x00000007ffe80000, 0x0000000800000000)
  eden space 653312K, 95% used [0x00000007d5e80000,0x00000007fc05fc28,0x00000007fdc80000)
  from space 16896K, 27% used [0x00000007fee00000,0x00000007ff27df10,0x00000007ffe80000)
  to   space 17408K, 0% used [0x00000007fdc80000,0x00000007fdc80000,0x00000007fed80000)
 ParOldGen       total 139776K, used 121773K [0x0000000781c00000, 0x000000078a480000, 0x00000007d5e80000)
  object space 139776K, 87% used [0x0000000781c00000,0x00000007892eb670,0x000000078a480000)
 PSPermGen       total 45568K, used 22642K [0x000000077ca00000, 0x000000077f680000, 0x0000000781c00000)
  object space 45568K, 49% used [0x000000077ca00000,0x000000077e01c9c8,0x000000077f680000)
GC Heap History (10 events):
Event: 16.630 GC heap before
{Heap before GC invocations=35 (full 1):
 PSYoungGen      total 666624K, used 654190K [0x00000007d5e80000, 0x00000007ffc80000, 0x0000000800000000)
  eden space 647168K, 99% used [0x00000007d5e80000,0x00000007fd630d40,0x00000007fd680000)
  from space 19456K, 37% used [0x00000007fd680000,0x00000007fddaabb8,0x00000007fe980000)
  to   space 17920K, 0% used [0x00000007feb00000,0x00000007feb00000,0x00000007ffc80000)
 ParOldGen       total 139776K, used 100673K [0x0000000781c00000, 0x000000078a480000, 0x00000007d5e80000)
  object space 139776K, 72% used [0x0000000781c00000,0x0000000787e50540,0x000000078a480000)
 PSPermGen       total 45568K, used 22642K [0x000000077ca00000, 0x000000077f680000, 0x0000000781c00000)
  object space 45568K, 49% used [0x000000077ca00000,0x000000077e01c9c8,0x000000077f680000)
Event: 16.640 GC heap after
Heap after GC invocations=35 (full 1):
 PSYoungGen      total 667136K, used 12944K [0x00000007d5e80000, 0x0000000800000000, 0x0000000800000000)
  eden space 649216K, 0% used [0x00000007d5e80000,0x00000007d5e80000,0x00000007fd880000)
  from space 17920K, 72% used [0x00000007feb00000,0x00000007ff7a4010,0x00000007ffc80000)
  to   space 18944K, 0% used [0x00000007fd880000,0x00000007fd880000,0x00000007feb00000)
 ParOldGen       total 139776K, used 102754K [0x0000000781c00000, 0x000000078a480000, 0x00000007d5e80000)
  object space 139776K, 73% used [0x0000000781c00000,0x0000000788058800,0x000000078a480000)
 PSPermGen       total 45568K, used 22642K [0x000000077ca00000, 0x000000077f680000, 0x0000000781c00000)
  object space 45568K, 49% used [0x000000077ca00000,0x000000077e01c9c8,0x000000077f680000)
}
Event: 16.881 GC heap before
{Heap before GC invocations=36 (full 1):
 PSYoungGen      total 667136K, used 662047K [0x00000007d5e80000, 0x0000000800000000, 0x0000000800000000)
  eden space 649216K, 99% used [0x00000007d5e80000,0x00000007fd863bf0,0x00000007fd880000)
  from space 17920K, 72% used [0x00000007feb00000,0x00000007ff7a4010,0x00000007ffc80000)
  to   space 18944K, 0% used [0x00000007fd880000,0x00000007fd880000,0x00000007feb00000)
 ParOldGen       total 139776K, used 102754K [0x0000000781c00000, 0x000000078a480000, 0x00000007d5e80000)
  object space 139776K, 73% used [0x0000000781c00000,0x0000000788058800,0x000000078a480000)
 PSPermGen       total 45568K, used 22642K [0x000000077ca00000, 0x000000077f680000, 0x0000000781c00000)
  object space 45568K, 49% used [0x000000077ca00000,0x000000077e01c9c8,0x000000077f680000)
Event: 16.913 GC heap after
Heap after GC invocations=36 (full 1):
 PSYoungGen      total 668160K, used 9558K [0x00000007d5e80000, 0x0000000800000000, 0x0000000800000000)
  eden space 649216K, 0% used [0x00000007d5e80000,0x00000007d5e80000,0x00000007fd880000)
  from space 18944K, 50% used [0x00000007fd880000,0x00000007fe1d5b30,0x00000007feb00000)
  to   space 18432K, 0% used [0x00000007fee00000,0x00000007fee00000,0x0000000800000000)
 ParOldGen       total 139776K, used 112106K [0x0000000781c00000, 0x000000078a480000, 0x00000007d5e80000)
  object space 139776K, 80% used [0x0000000781c00000,0x000000078897aa30,0x000000078a480000)
 PSPermGen       total 45568K, used 22642K [0x000000077ca00000, 0x000000077f680000, 0x0000000781c00000)
  object space 45568K, 49% used [0x000000077ca00000,0x000000077e01c9c8,0x000000077f680000)
}
Event: 17.124 GC heap before
{Heap before GC invocations=37 (full 1):
 PSYoungGen      total 668160K, used 658741K [0x00000007d5e80000, 0x0000000800000000, 0x0000000800000000)
  eden space 649216K, 99% used [0x00000007d5e80000,0x00000007fd877910,0x00000007fd880000)
  from space 18944K, 50% used [0x00000007fd880000,0x00000007fe1d5b30,0x00000007feb00000)
  to   space 18432K, 0% used [0x00000007fee00000,0x00000007fee00000,0x0000000800000000)
 ParOldGen       total 139776K, used 112106K [0x0000000781c00000, 0x000000078a480000, 0x00000007d5e80000)
  object space 139776K, 80% used [0x0000000781c00000,0x000000078897aa30,0x000000078a480000)
 PSPermGen       total 45568K, used 22642K [0x000000077ca00000, 0x000000077f680000, 0x0000000781c00000)
  object space 45568K, 49% used [0x000000077ca00000,0x000000077e01c9c8,0x000000077f680000)
Event: 17.132 GC heap after
Heap after GC invocations=37 (full 1):
 PSYoungGen      total 670208K, used 4481K [0x00000007d5e80000, 0x00000007fff80000, 0x0000000800000000)
  eden space 652288K, 0% used [0x00000007d5e80000,0x00000007d5e80000,0x00000007fdb80000)
  from space 17920K, 25% used [0x00000007fee00000,0x00000007ff260518,0x00000007fff80000)
  to   space 18432K, 0% used [0x00000007fdb80000,0x00000007fdb80000,0x00000007fed80000)
 ParOldGen       total 139776K, used 118090K [0x0000000781c00000, 0x000000078a480000, 0x00000007d5e80000)
  object space 139776K, 84% used [0x0000000781c00000,0x0000000788f52aa8,0x000000078a480000)
 PSPermGen       total 45568K, used 22642K [0x000000077ca00000, 0x000000077f680000, 0x0000000781c00000)
  object space 45568K, 49% used [0x000000077ca00000,0x000000077e01c9c8,0x000000077f680000)
}
Event: 17.312 GC heap before
{Heap before GC invocations=38 (full 1):
 PSYoungGen      total 670208K, used 656463K [0x00000007d5e80000, 0x00000007fff80000, 0x0000000800000000)
  eden space 652288K, 99% used [0x00000007d5e80000,0x00000007fdb33850,0x00000007fdb80000)
  from space 17920K, 25% used [0x00000007fee00000,0x00000007ff260518,0x00000007fff80000)
  to   space 18432K, 0% used [0x00000007fdb80000,0x00000007fdb80000,0x00000007fed80000)
 ParOldGen       total 139776K, used 118090K [0x0000000781c00000, 0x000000078a480000, 0x00000007d5e80000)
  object space 139776K, 84% used [0x0000000781c00000,0x0000000788f52aa8,0x000000078a480000)
 PSPermGen       total 45568K, used 22642K [0x000000077ca00000, 0x000000077f680000, 0x0000000781c00000)
  object space 45568K, 49% used [0x000000077ca00000,0x000000077e01c9c8,0x000000077f680000)
Event: 17.317 GC heap after
Heap after GC invocations=38 (full 1):
 PSYoungGen      total 670720K, used 3301K [0x00000007d5e80000, 0x00000007fff80000, 0x0000000800000000)
  eden space 652288K, 0% used [0x00000007d5e80000,0x00000007d5e80000,0x00000007fdb80000)
  from space 18432K, 17% used [0x00000007fdb80000,0x00000007fdeb9490,0x00000007fed80000)
  to   space 17920K, 0% used [0x00000007fee00000,0x00000007fee00000,0x00000007fff80000)
 ParOldGen       total 139776K, used 120410K [0x0000000781c00000, 0x000000078a480000, 0x00000007d5e80000)
  object space 139776K, 86% used [0x0000000781c00000,0x0000000789196b00,0x000000078a480000)
 PSPermGen       total 45568K, used 22642K [0x000000077ca00000, 0x000000077f680000, 0x0000000781c00000)
  object space 45568K, 49% used [0x000000077ca00000,0x000000077e01c9c8,0x000000077f680000)
}
Event: 17.511 GC heap before
{Heap before GC invocations=39 (full 1):
 PSYoungGen      total 670720K, used 655420K [0x00000007d5e80000, 0x00000007fff80000, 0x0000000800000000)
  eden space 652288K, 99% used [0x00000007d5e80000,0x00000007fdb55c28,0x00000007fdb80000)
  from space 18432K, 17% used [0x00000007fdb80000,0x00000007fdeb9490,0x00000007fed80000)
  to   space 17920K, 0% used [0x00000007fee00000,0x00000007fee00000,0x00000007fff80000)
 ParOldGen       total 139776K, used 120410K [0x0000000781c00000, 0x000000078a480000, 0x00000007d5e80000)
  object space 139776K, 86% used [0x0000000781c00000,0x0000000789196b00,0x000000078a480000)
 PSPermGen       total 45568K, used 22642K [0x000000077ca00000, 0x000000077f680000, 0x0000000781c00000)
  object space 45568K, 49% used [0x000000077ca00000,0x000000077e01c9c8,0x000000077f680000)
Event: 17.518 GC heap after
Heap after GC invocations=39 (full 1):
 PSYoungGen      total 670208K, used 4599K [0x00000007d5e80000, 0x00000007ffe80000, 0x0000000800000000)
  eden space 653312K, 0% used [0x00000007d5e80000,0x00000007d5e80000,0x00000007fdc80000)
  from space 16896K, 27% used [0x00000007fee00000,0x00000007ff27df10,0x00000007ffe80000)
  to   space 17408K, 0% used [0x00000007fdc80000,0x00000007fdc80000,0x00000007fed80000)
 ParOldGen       total 139776K, used 121773K [0x0000000781c00000, 0x000000078a480000, 0x00000007d5e80000)
  object space 139776K, 87% used [0x0000000781c00000,0x00000007892eb670,0x000000078a480000)
 PSPermGen       total 45568K, used 22642K [0x000000077ca00000, 0x000000077f680000, 0x0000000781c00000)
  object space 45568K, 49% used [0x000000077ca00000,0x000000077e01c9c8,0x000000077f680000)
}

